2023-05-14T03:06:31.640Z - Server is running on port 3000
2023-05-14T03:06:31.695Z - Connected to MySQL Server!
2023-05-14T03:07:04.900Z - [object Object]
2023-05-14T03:08:54.064Z - [object Object]
2023-05-14T03:11:30.486Z - [object Object]
2023-05-14T03:14:12.899Z - Server is running on port 3000
2023-05-14T03:14:12.940Z - Connected to MySQL Server!
2023-05-14T03:14:31.803Z - Request Body: 
2023-05-14 08:47:50 - Server is running on port 3000
2023-05-14 08:47:50 - Connected to MySQL Server!
2023-05-14 08:48:03 - Request Body: 
2023-05-14 08:54:39 - Server is running on port 3000
2023-05-14 08:54:39 - Connected to MySQL Server!
2023-05-14T03:28:15.237Z - Server is running on port 3000
2023-05-14T03:28:15.270Z - Connected to MySQL Server!
2023-05-14T03:29:21.221Z - Server is running on port 3000
2023-05-14T03:29:21.253Z - Connected to MySQL Server!
2023-05-14T03:29:32.702Z - Request Body: 
2023-05-14T03:30:55.542Z - 2023-05-14 09:00:55 - Server is running on port 3000

2023-05-14T03:30:55.591Z - 2023-05-14 09:00:55 - Connected to MySQL Server!

2023-05-14T03:31:08.278Z - 2023-05-14 09:01:08 - Request Body: 

2023-05-14T03:31:55.266Z - 2023-05-14 09:01:55 - Server is running on port 3000

2023-05-14T03:31:55.321Z - 2023-05-14 09:01:55 - Connected to MySQL Server!

2023-05-14T03:32:00.930Z - 2023-05-14 09:02:00 - Request Body: 

2023-05-14T03:33:08.632Z - 2023-05-14 09:03:08 - Server is running on port 3000
2023-05-14T03:33:08.691Z - 2023-05-14 09:03:08 - Connected to MySQL Server!
2023-05-14T03:33:22.269Z - 2023-05-14 09:03:22 - Server is running on port 3000
2023-05-14T03:33:22.299Z - 2023-05-14 09:03:22 - Connected to MySQL Server!
2023-05-14T03:33:31.154Z - 2023-05-14 09:03:31 - Request Body: 
2023-05-14 09:04:20 - Server is running on port 3000
2023-05-14 09:04:20 - Connected to MySQL Server!
2023-05-14 09:04:27 - Request Body: 
2023-05-14 09:38:30 - Query results: 
2023-05-14 09:39:04 - Server is running on port 3000
2023-05-14 09:39:04 - Connected to MySQL Server!
2023-05-14 09:40:46 - Server is running on port 3000
2023-05-14 09:40:46 - Connected to MySQL Server!
2023-05-14 09:41:38 - Server is running on port 3000
2023-05-14 09:41:38 - Connected to MySQL Server!
2023-05-14 09:47:51 - Request Body: 
2023-05-14 09:47:58 - Request Body: 
